<?xml version="1.0" encoding="UTF-8"?>
<!-- Generated by org.testng.reporters.JUnitReportReporter -->
<testsuite hostname="DESKTOP-IUA7F2C" failures="0" tests="1" name="test.ValidateCategoryTest" time="8.783" errors="0" timestamp="01 Sep 2022 05:07:30 GMT" skipped="0">
  <testcase classname="test.ValidateCategoryTest" name="validateUserShouldBeAbleToAddCategory" time="8.783"/>
</testsuite> <!-- test.ValidateCategoryTest -->
